[2026-02-17 13:51:11] validate coupon > Code: "SUPER40", SalonID: "cdbde42d-d7f2-4adf-b388-78be5fd01551"
[2026-02-17 13:51:14] validate coupon > Code: "SUPER40", SalonID: "cdbde42d-d7f2-4adf-b388-78be5fd01551"
[2026-02-17 13:51:16] validate coupon > Code: "SUPER40", SalonID: "cdbde42d-d7f2-4adf-b388-78be5fd01551"
[2026-02-17 13:51:18] validate coupon > Code: "SUPER40", SalonID: "cdbde42d-d7f2-4adf-b388-78be5fd01551"
[2026-02-17 13:51:21] validate coupon > Code: "SUPER40", SalonID: "cdbde42d-d7f2-4adf-b388-78be5fd01551"
[2026-02-17 13:51:23] validate coupon > Code: "SUPER40", SalonID: "cdbde42d-d7f2-4adf-b388-78be5fd01551"
[2026-02-17 13:51:25] validate coupon > Code: "SUPER40", SalonID: "cdbde42d-d7f2-4adf-b388-78be5fd01551"
[2026-02-17 13:51:27] validate coupon > Code: "SUPER40", SalonID: "cdbde42d-d7f2-4adf-b388-78be5fd01551"
[2026-02-17 13:51:52] validate coupon > Code: "SUPER40", SalonID: "cdbde42d-d7f2-4adf-b388-78be5fd01551"
[2026-02-17 13:59:08] validate coupon > Code: "SUPER40", SalonID: "cdbde42d-d7f2-4adf-b388-78be5fd01551"
[2026-02-17 13:59:17] validate coupon > Code: "SUPER40", SalonID: "cdbde42d-d7f2-4adf-b388-78be5fd01551"
[2026-02-17 14:02:31] validate coupon > Code: "HOLI123", SalonID: "cdbde42d-d7f2-4adf-b388-78be5fd01551"
[2026-02-17 14:10:03] validate coupon > Code: "SUPER40", SalonID: "cdbde42d-d7f2-4adf-b388-78be5fd01551"
[2026-02-17 14:12:44] validate coupon > Code: "SUPER40", SalonID: "cdbde42d-d7f2-4adf-b388-78be5fd01551"
[2026-02-17 14:12:46] validate coupon > Code: "SUPER40", SalonID: "cdbde42d-d7f2-4adf-b388-78be5fd01551"
[2026-02-17 14:15:32] validate coupon > Code: "SUPER%2050", SalonID: "cdbde42d-d7f2-4adf-b388-78be5fd01551"
[2026-02-17 14:15:44] validate coupon > Code: "SUPER50", SalonID: "cdbde42d-d7f2-4adf-b388-78be5fd01551"
[2026-02-17 14:36:47] validate coupon > Code: "SUPER50", SalonID: "cdbde42d-d7f2-4adf-b388-78be5fd01551"
[2026-02-17 14:38:36] validate coupon > Code: "SUPER50", SalonID: "cdbde42d-d7f2-4adf-b388-78be5fd01551"
[2026-02-17 14:52:18] validate coupon > Code: "SUPER50", SalonID: "cdbde42d-d7f2-4adf-b388-78be5fd01551"
[2026-02-17 14:52:21] validate coupon > Code: "SUPER50", SalonID: "cdbde42d-d7f2-4adf-b388-78be5fd01551"
[2026-02-17 14:52:27] validate coupon > Code: "SUPER50", SalonID: "cdbde42d-d7f2-4adf-b388-78be5fd01551"
[2026-02-17 14:53:52] validate coupon > Code: "SUPER40", SalonID: "cdbde42d-d7f2-4adf-b388-78be5fd01551"
[2026-02-17 14:55:04] validate coupon > Code: "SUPER40", SalonID: "cdbde42d-d7f2-4adf-b388-78be5fd01551"
[2026-02-17 14:55:06] validate coupon > Code: "SUPER40", SalonID: "cdbde42d-d7f2-4adf-b388-78be5fd01551"
[2026-02-17 14:55:08] validate coupon > Code: "SUPER40", SalonID: "cdbde42d-d7f2-4adf-b388-78be5fd01551"
[2026-02-17 14:55:10] validate coupon > Code: "SUPER40", SalonID: "cdbde42d-d7f2-4adf-b388-78be5fd01551"
[2026-02-17 14:55:12] validate coupon > Code: "SUPER40", SalonID: "cdbde42d-d7f2-4adf-b388-78be5fd01551"
[2026-02-17 14:55:14] validate coupon > Code: "SUPER40", SalonID: "cdbde42d-d7f2-4adf-b388-78be5fd01551"
[2026-02-17 14:59:06] validate coupon > Code: "SUPER 50", SalonID: "cdbde42d-d7f2-4adf-b388-78be5fd01551"
[2026-02-17 14:59:07] validate coupon > SUCCESS. Returning: {"id":"94b350c7-de26-4597-a878-469e4ad3d681","salon_id":"cdbde42d-d7f2-4adf-b388-78be5fd01551","title":"super40","description":"this is 40","code":"SUPER 50","type":"percentage","value":"40.00","max_usage":null,"usage_count":0,"start_date":null,"end_date":null,"status":"active","is_active":1,"created_at":"2026-02-17 08:44:31","discount_value":"40.00"}
[2026-02-17 15:01:05] validate coupon > Code: "SUPER 50", SalonID: "cdbde42d-d7f2-4adf-b388-78be5fd01551"
[2026-02-17 15:01:07] validate coupon > SUCCESS. Returning: {"id":"94b350c7-de26-4597-a878-469e4ad3d681","salon_id":"cdbde42d-d7f2-4adf-b388-78be5fd01551","title":"super40","description":"this is 40","code":"SUPER 50","type":"percentage","value":"40.00","max_usage":null,"usage_count":0,"start_date":null,"end_date":null,"status":"active","is_active":1,"created_at":"2026-02-17 08:44:31","discount_value":"40.00"}
[2026-02-17 15:04:59] validate coupon > Code: "SUPER 50", SalonID: "cdbde42d-d7f2-4adf-b388-78be5fd01551"
[2026-02-17 15:05:00] validate coupon > SUCCESS. Returning: {"id":"94b350c7-de26-4597-a878-469e4ad3d681","salon_id":"cdbde42d-d7f2-4adf-b388-78be5fd01551","title":"super40","description":"this is 40","code":"SUPER 50","type":"percentage","value":"40.00","max_usage":null,"usage_count":0,"start_date":null,"end_date":null,"status":"active","is_active":1,"created_at":"2026-02-17 08:44:31","discount_value":"40.00"}
[2026-02-17 15:10:51] validate coupon > Code: "SUPER 50", SalonID: "cdbde42d-d7f2-4adf-b388-78be5fd01551"
[2026-02-17 15:10:53] validate coupon > SUCCESS. Returning: {"id":"94b350c7-de26-4597-a878-469e4ad3d681","salon_id":"cdbde42d-d7f2-4adf-b388-78be5fd01551","title":"super40","description":"this is 40","code":"SUPER 50","type":"percentage","value":"40.00","max_usage":null,"usage_count":1,"start_date":null,"end_date":null,"status":"active","is_active":1,"created_at":"2026-02-17 08:44:31","discount_value":"40.00"}
[2026-02-17 15:40:15] validate coupon > Code: "SUPER 50", SalonID: "cdbde42d-d7f2-4adf-b388-78be5fd01551"
[2026-02-17 15:40:16] validate coupon > SUCCESS. Returning: {"id":"94b350c7-de26-4597-a878-469e4ad3d681","salon_id":"cdbde42d-d7f2-4adf-b388-78be5fd01551","title":"super40","description":"this is 40","code":"SUPER 50","type":"percentage","value":"40.00","max_usage":null,"usage_count":2,"start_date":null,"end_date":null,"status":"active","is_active":1,"created_at":"2026-02-17 08:44:31","discount_value":"40.00"}
[2026-02-17 15:45:15] validate coupon > Code: "SUPER 50", SalonID: "cdbde42d-d7f2-4adf-b388-78be5fd01551"
[2026-02-17 15:45:16] validate coupon > SUCCESS. Returning: {"id":"94b350c7-de26-4597-a878-469e4ad3d681","salon_id":"cdbde42d-d7f2-4adf-b388-78be5fd01551","title":"super40","description":"this is 40","code":"SUPER 50","type":"percentage","value":"40.00","max_usage":null,"usage_count":2,"start_date":null,"end_date":null,"status":"active","is_active":1,"created_at":"2026-02-17 08:44:31","discount_value":"40.00"}
[2026-02-17 16:11:54] validate coupon > Code: "SUPER 50", SalonID: "cdbde42d-d7f2-4adf-b388-78be5fd01551"
[2026-02-17 16:11:56] validate coupon > SUCCESS. Returning: {"id":"94b350c7-de26-4597-a878-469e4ad3d681","salon_id":"cdbde42d-d7f2-4adf-b388-78be5fd01551","title":"super40","description":"this is 40","code":"SUPER 50","type":"percentage","value":"40.00","max_usage":null,"usage_count":3,"start_date":null,"end_date":null,"status":"active","is_active":1,"created_at":"2026-02-17 08:44:31","discount_value":"40.00"}
[2026-02-17 19:34:50] validate coupon > Code: "TEST30", SalonID: "cdbde42d-d7f2-4adf-b388-78be5fd01551"
[2026-02-17 19:34:51] validate coupon > SUCCESS. Returning: {"id":"b3c8ce75-da3e-40b6-b875-19788bfba315","salon_id":"cdbde42d-d7f2-4adf-b388-78be5fd01551","title":"this is for test","description":"this is for test","code":"TEST30","type":"percentage","value":"30.00","max_usage":null,"usage_count":0,"start_date":null,"end_date":null,"status":"active","is_active":1,"created_at":"2026-02-17 14:03:07","discount_value":"30.00"}
